<?xml version="1.0" encoding="UTF-8"?>
<!-- Generated by org.testng.reporters.JUnitXMLReporter -->
<testsuite ignored="0" hostname="EC2AMAZ-S11DBRH" failures="1" tests="2" name="Test" time="15.7" errors="0" timestamp="2023-07-19T06:01:18 GMT">
  <testcase classname="testScripts.GoogleSearch" name="JavaTutorial_Search" time="5.827"/>
  <testcase classname="testScripts.GoogleSearch" name="SeleniumTutorial_Search" time="4.404">
    <failure type="java.lang.AssertionError" message="expected [elenium Tutorial - Google Search] but found [Selenium Tutorial - Google Search]">
      <![CDATA[java.lang.AssertionError: expected [elenium Tutorial - Google Search] but found [Selenium Tutorial - Google Search]
at testScripts.GoogleSearch.SeleniumTutorial_Search(GoogleSearch.java:79)
at java.base/java.util.ArrayList.forEach(ArrayList.java:1511)
... Removed 33 stack frames]]>
    </failure>
  </testcase> <!-- SeleniumTutorial_Search -->
</testsuite> <!-- Test -->
