<?xml version="1.0" encoding="UTF-8"?>
<testng-results ignored="0" total="2" passed="1" failed="1" skipped="0">
  <reporter-output>
  </reporter-output>
  <suite started-at="2023-07-19T06:01:02 GMT" name="SampleSuite" finished-at="2023-07-19T06:01:18 GMT" duration-ms="15700">
    <groups>
    </groups>
    <test started-at="2023-07-19T06:01:02 GMT" name="Test" finished-at="2023-07-19T06:01:18 GMT" duration-ms="15700">
      <class name="testScripts.GoogleSearch">
        <test-method is-config="true" signature="SetupExtent()[pri:0, instance:testScripts.GoogleSearch@342c38f8]" started-at="2023-07-19T06:01:02 GMT" name="SetupExtent" finished-at="2023-07-19T06:01:02 GMT" duration-ms="348" status="PASS">
          <reporter-output>
          </reporter-output>
        </test-method> <!-- SetupExtent -->
        <test-method is-config="true" signature="Setup(java.lang.String)[pri:0, instance:testScripts.GoogleSearch@342c38f8]" started-at="2023-07-19T06:01:02 GMT" name="Setup" finished-at="2023-07-19T06:01:05 GMT" duration-ms="2909" status="PASS">
          <params>
            <param index="0">
              <value>
                <![CDATA[Chrome]]>
              </value>
            </param>
          </params>
          <reporter-output>
          </reporter-output>
        </test-method> <!-- Setup -->
        <test-method signature="JavaTutorial_Search()[pri:0, instance:testScripts.GoogleSearch@342c38f8]" started-at="2023-07-19T06:01:05 GMT" name="JavaTutorial_Search" finished-at="2023-07-19T06:01:11 GMT" duration-ms="5827" status="PASS">
          <reporter-output>
          </reporter-output>
        </test-method> <!-- JavaTutorial_Search -->
        <test-method is-config="true" signature="generateReport(org.testng.ITestResult)[pri:0, instance:testScripts.GoogleSearch@342c38f8]" started-at="2023-07-19T06:01:11 GMT" name="generateReport" finished-at="2023-07-19T06:01:11 GMT" duration-ms="138" status="PASS">
          <params>
            <param index="0">
              <value>
                <![CDATA[[TestResult name=JavaTutorial_Search status=SUCCESS method=GoogleSearch.JavaTutorial_Search()[pri:0, instance:testScripts.GoogleSearch@342c38f8] output={null}]]]>
              </value>
            </param>
          </params>
          <reporter-output>
          </reporter-output>
        </test-method> <!-- generateReport -->
        <test-method is-config="true" signature="Setup(java.lang.String)[pri:0, instance:testScripts.GoogleSearch@342c38f8]" started-at="2023-07-19T06:01:11 GMT" name="Setup" finished-at="2023-07-19T06:01:13 GMT" duration-ms="1377" status="PASS">
          <params>
            <param index="0">
              <value>
                <![CDATA[Chrome]]>
              </value>
            </param>
          </params>
          <reporter-output>
          </reporter-output>
        </test-method> <!-- Setup -->
        <test-method signature="SeleniumTutorial_Search()[pri:0, instance:testScripts.GoogleSearch@342c38f8]" started-at="2023-07-19T06:01:13 GMT" name="SeleniumTutorial_Search" finished-at="2023-07-19T06:01:17 GMT" duration-ms="4404" status="FAIL">
          <exception class="java.lang.AssertionError">
            <message>
              <![CDATA[expected [elenium Tutorial - Google Search] but found [Selenium Tutorial - Google Search]]]>
            </message>
            <full-stacktrace>
              <![CDATA[java.lang.AssertionError: expected [elenium Tutorial - Google Search] but found [Selenium Tutorial - Google Search]
at org.testng.Assert.fail(Assert.java:110)
at org.testng.Assert.failNotEquals(Assert.java:1413)
at org.testng.Assert.assertEqualsImpl(Assert.java:149)
at org.testng.Assert.assertEquals(Assert.java:131)
at org.testng.Assert.assertEquals(Assert.java:655)
at org.testng.Assert.assertEquals(Assert.java:665)
at testScripts.GoogleSearch.SeleniumTutorial_Search(GoogleSearch.java:79)
at java.base/jdk.internal.reflect.NativeMethodAccessorImpl.invoke0(Native Method)
at java.base/jdk.internal.reflect.NativeMethodAccessorImpl.invoke(NativeMethodAccessorImpl.java:78)
at java.base/jdk.internal.reflect.DelegatingMethodAccessorImpl.invoke(DelegatingMethodAccessorImpl.java:43)
at java.base/java.lang.reflect.Method.invoke(Method.java:567)
at org.testng.internal.invokers.MethodInvocationHelper.invokeMethod(MethodInvocationHelper.java:136)
at org.testng.internal.invokers.TestInvoker.invokeMethod(TestInvoker.java:658)
at org.testng.internal.invokers.TestInvoker.invokeTestMethod(TestInvoker.java:219)
at org.testng.internal.invokers.MethodRunner.runInSequence(MethodRunner.java:50)
at org.testng.internal.invokers.TestInvoker$MethodInvocationAgent.invoke(TestInvoker.java:923)
at org.testng.internal.invokers.TestInvoker.invokeTestMethods(TestInvoker.java:192)
at org.testng.internal.invokers.TestMethodWorker.invokeTestMethods(TestMethodWorker.java:146)
at org.testng.internal.invokers.TestMethodWorker.run(TestMethodWorker.java:128)
at java.base/java.util.ArrayList.forEach(ArrayList.java:1511)
at org.testng.TestRunner.privateRun(TestRunner.java:808)
at org.testng.TestRunner.run(TestRunner.java:603)
at org.testng.SuiteRunner.runTest(SuiteRunner.java:429)
at org.testng.SuiteRunner.runSequentially(SuiteRunner.java:423)
at org.testng.SuiteRunner.privateRun(SuiteRunner.java:383)
at org.testng.SuiteRunner.run(SuiteRunner.java:326)
at org.testng.SuiteRunnerWorker.runSuite(SuiteRunnerWorker.java:52)
at org.testng.SuiteRunnerWorker.run(SuiteRunnerWorker.java:95)
at org.testng.TestNG.runSuitesSequentially(TestNG.java:1249)
at org.testng.TestNG.runSuitesLocally(TestNG.java:1169)
at org.testng.TestNG.runSuites(TestNG.java:1092)
at org.testng.TestNG.run(TestNG.java:1060)
at org.testng.remote.AbstractRemoteTestNG.run(AbstractRemoteTestNG.java:115)
at org.testng.remote.RemoteTestNG.initAndRun(RemoteTestNG.java:251)
at org.testng.remote.RemoteTestNG.main(RemoteTestNG.java:77)
]]>
            </full-stacktrace>
          </exception> <!-- java.lang.AssertionError -->
          <reporter-output>
          </reporter-output>
        </test-method> <!-- SeleniumTutorial_Search -->
        <test-method is-config="true" signature="generateReport(org.testng.ITestResult)[pri:0, instance:testScripts.GoogleSearch@342c38f8]" started-at="2023-07-19T06:01:17 GMT" name="generateReport" finished-at="2023-07-19T06:01:17 GMT" duration-ms="187" status="PASS">
          <params>
            <param index="0">
              <value>
                <![CDATA[[TestResult name=SeleniumTutorial_Search status=FAILURE method=GoogleSearch.SeleniumTutorial_Search()[pri:0, instance:testScripts.GoogleSearch@342c38f8] output={null}]]]>
              </value>
            </param>
          </params>
          <reporter-output>
          </reporter-output>
        </test-method> <!-- generateReport -->
        <test-method is-config="true" signature="flush()[pri:0, instance:testScripts.GoogleSearch@342c38f8]" started-at="2023-07-19T06:01:17 GMT" name="flush" finished-at="2023-07-19T06:01:18 GMT" duration-ms="465" status="PASS">
          <reporter-output>
          </reporter-output>
        </test-method> <!-- flush -->
      </class> <!-- testScripts.GoogleSearch -->
    </test> <!-- Test -->
  </suite> <!-- SampleSuite -->
</testng-results>
